s=       -4o1h8W5H9-6z0 5u0b3 2Y5l2B4]6W1K4g4e
s=    -/ -1;2\0V1]0N4O9B2J6:2K2W8T4^7f2;8G5f7j6Y
s=       -1p1M4s0t9f1b3 9_1*6Z8U1/6~1\3s1K2q0(
s=    -/ -4J1z5}8n8a8q6h9o9Y3,3J7|3W5o0a4m6Y4a
s=       87|3N0 8O7r8-4l5T9(7Y0W8Y3t2d3)8m4S
s=    -/ -1W1N1i0H7$4,5w7t7]0H5g9(5u4<6O5g4[7"2D
s=       -1L6w1"2d6$9^0l6O2b7o4)4"1S3X8J2W1V4`4L
s=    -/ 66A6`0H2~2}9j9L4e5m9@4D6,1#6&7:0'4$
s=       -1~1A7W5"9h6-5[7x1 7h2N7k6$7k2E2L1a7Q6/
s=    -/ 24y1&6X1[9{4a2[7<0N0g2g7{4t5G4?4?6Q4t
s=       81 8#2l8>2F8#9f1K7\0t8Q0/9A0u6M2 4m
s=    -/ -9_2V7Q1<1&3{0P9T1\4o7-0[7M7@2z2z2~4l
s=       11V7]4%9$4T1R9f7a7&3|4 6[4G3t0%5n6C
s=    -/ 67h6u4s4/2R2x6n7*4.9i7X6B1f0<8i8F0^
s=       -7*4v6)6z8|4 2m8$8&8h8K6F2c1 2.9b9!2r
s=    -/ 54O8l8{2 6f0o4$2Z1$4*7$3C9,3w6"6+4-
s=       98u1!6S4i7S8N2+4z5=9x5.6K2,7T6j4t8W
s=    -/ 10!2c5P4.4q3I1+9$6`7n0s1_2|6D2|3V3~6=
s=       91s5h2j9[0m1X0f5^6R4b2A4S8 8.0s6'4u
s=    -/ 74K0}9*1m7i4g9H4V2[0`9f8|3Q4g8\8~0)
s=       -6Y0R5O4+9X0~9*4Q8F0D6i3f6j8q8V9{6*0;
s=    -/ -1t0*1D2+8i1v1_9`2>4k6"5y0_7 7t8w3o6 8{
s=       10j6S9R5I3X0Y1/8C4L6y7Z1\1B7X1Z5*8$4U
s=    -/ -2Z4v3i4X8}4F2d6&1"5y3D2e9-8C0S1[2;8"
s=       -7<0B8@5{1A9)1Y5'0$0/4p5^1y0=0J9;2H8H
s=    -/ 22j6~3W8#2/3 1s4d6%3>9+0%5x6>7h0]4}
s=       -3l7)1o7!0;1#8%1~1U7;9D0;4K9V8:6/8C8k
s=    -/ 44u4U4b3+5=4U5^0$2*0(4Q1B4n0p7D3M6O
s=       57j6v9{0Z5$9C1\6,7{1%4?9N9M6b7T3V6O
s=    -/ 10,0Z7j3x4C1"6 6l9|4=5f3v7c6a4h3|5s2h
s=       91m9x2T1s8:3L1j2G7w6%8/0N2n6F8c8>
s=    -/ 27m1K0L7!7V8m1-0N7:8%5.6h8d1d8H6{8%8O
s=       43n8O9 1D2}0y5A0!2$6o3[3c2;5a0,5J6p
s=    -/ 47 0P7@8 5O7x9W0h6V6X1$2)0N2U9M4/4Q
s=       60,3J1-6.5"3a1V9<1M4{7\0_3u3s6n8 
s=    -/ -1Q2*2)8c7=1)5m0 0G8a6y7W4h9C9t3z6e0:
s=       -2 8F9(4j6E2@2C2G3W3C8b3f9O9?2:2E0\
s=    -/ -3H0=2f6g3o7+0Y1=0X7R7%6>0-3]3C8O5i6j
s=       -1q4+4j8t1s9O5c8U7.7e6w5M7d0;9r2X0%
s=    -/ -5w8&6p4p3=1K3$1X2c6F0G7C2Z1j0<7G5Z2j
s=       94p2j6]0Z7b3_7W5V4t6b0.2Z0I3/3<9L2`
s=    -/ 47f2B7h8F8k3(4@5t3>4D0B4u2;2#0T8;0/
s=       -1H3a4w3Q4w4?6l4v9^9X2;8_7y9k8g5E9!2_0 
s=    -/ -9.9?4~8d6!3U0)4H7r0C5;1j7D2w6"3F3r6<
s=       -1$5&7.5!6N0}9o0)2F6{2Y9K7S6%4\8*8d9%6K
s=    -/ 15Y1 3T9c7Z2U8F9 2m7&5/9 0'8h4M8`0l0#
s=       -8E7Z9L8"7C1=3D7]2r1$9J2m3I8L3"7j4w4V
s=    -/ 78B5k3"3p2'1Y2V9q3y5-3B1K8|5e5R3N6B
s=       40~2K5$1:7E4[7o4I3u8>8r5h3K4r2o7U2u
s=    -/ 75z0K3*6V4u2z7+6"8H6>3d4h8\7A3B6!0H
s=       -3H5|8G8G4N6!5j8=2S0G5l5{3#9S3b9z2c0r
s=    -/ 12.1i9d6h0M5K3>2H3\8(1a9v8q1h7&6*0.
s=       -6 6I6O5o8W6f6*4n4m0R0s2l1u1p0.8u4\8v
s=    -/ -1V4.7)3I2"5o1x1c9*3o7i1~5&3K1Z8+0x
s=       -5O1F6u0q9(5r2X9/0V9#1A2&0G1G6Q7Q0e4B
s=    -/ 77 1h5}4>3e2*6{5)8|0Y6~1@4 3L3z6)0F
s=       15e7Z6r6N4B5X0|8|8k0(7+1G7V8V3M9m3`6<
s=    -/ 20r6V4|4o1u0T1x0|4&0@8U8N7/1*4y7O5j2,
s=       -1U1,7I5)2H3p9^3a3z9}3x7x9;9E7r6:1_9P2{
s=    -/ -1R3N5~9t1N7l8\4)4@2%3O5F7+2j8s9~4_7q2?
s=       -5/1M8}9_1U4V9u4s1#4>1Q3-7J5X6*2-2b4l
s=    -/ 12b1R5,6^1l4s1\7|8 6[7Q4+0'7@3)6F0D0|
s=       -1w0A1C2 3G2"5n1*5?7!0n6X7?0F4Z5J6w0s
s=    -/ -1e0m9=8+2~4m5O7d9X5l8T4Z7r8a1V9B3'9p2v
s=       30g6b4<8Z5>4{2f5~7V9,0d2:3|7#1T8L4^
s=    -/ 12H4`0a2 4}0s9C9-3I4H6!1P1z3j0V4m0K
s=       -1O3S7p4+5P5o2%8k4;1 7I9s2E5H1T2u2+5W6-
s=    -/ -4'3k5A4{9s5N1j0p4$6h6o0"1u0`8 2&8H8~
s=       26_5}0&3@6_6V6T7A0!6@3T5V1u9I6b1[6x
s=    -/ 36f2R6g4+6:5:1+4l1L2s7p1k0w9S6D3!2+
s=       15{8$1v2N6h3t9`2K2C5{4]0W7P2g3n4q5>6S
s=    -/ 17G7L7D1i4d4i4W2m8V7(6Q8K6u0C9?7[9^2'
s=       21K3Y5B1%1=3v7x6E4m1m6j0[8j3d4l5]6t
s=    -/ 83n3>8.7s9O8U5g4>8#2C7:8T5-8Z0x4 8)
s=       -9F2u0o2|8Q7D9N2Y1"0C9X5D3P7X0!8#8w0W
s=    -/ -2g2[7/7.7^6%3B2U4[6K5 4~2j7O3`2i4-8B
s=       -1#5[6X9N6j2i3z7u8v7|5d9O7a3F3"4g5j2:8"
s=    -/ 17a2H5m7:0|3H3<0h7+0X6?0=6h4~5D8H8F8U
s=       -1X0B2n3B2u6,8s4w1u0b6L1g8f4{9w0w3$6I8J
s=    -/ 10g9~5o7 9M8K8_4p9R3I7Z2I7g4>0z3u5/2<
s=       15!9$2!8&2n3L1B5z2.6^9k5#1i6.8W0O0'0%
s=    -/ 13n3-1c1y2r5#0H7x5f5&1!2|2}6@3c9R3M6 
s=       -7O3Z6v3Z9z6A7h3f8m2~1/7Z6O0H9W7p6w
s=    -/ -1-2j2C3~9:4Z9O6P7[2q6L0k5u2W6s0F5q4V4=
s=       18Z0U4r9d8Q0Y2C3H0 8]7#3J5?6H3g5P2i
s=    -/ 10E6N1v6@7U5`2Q8 2'0x3*7'1/9h0X1t4e4A
s=       30l3O9Z9c2=1w2;0s7;6%7\0?6F0e6I0e8a
s=    -/ 35=9=7o8!0H6h3u1b5W4`6}1X1)9G6c8l0=
s=       70S8F8R9$7U6=8~6"4S5I0L5z0g3T0=4y0f
s=    -/ -3l7Z8{1)8+7V4w2z8w7D8 4t1Z0x5S7x2~8I
s=       -4o3^7-5W8S1}9:9%2j1-6{9"5G7p9R0C0n8;
s=    -/ 12C8w5n7.8Q6v5$9V0v5S2^5!0;3}8I3-3j6`
s=       -1A3X2Y4B7e5X6{5K3y3,5T6 2+6<5P8S8q1h6(
s=    -/ -9K1b5 3V7>3-5L9&0V0[6T3:2L6~3$2j0 
s=       19W4G0)3.3i8N9g0a8O7M7D2&4U3L2<0T0^
s=    -/ -6D3z1R8h9v2"5?3[8'8&6(1c7,5q7{3m1f2\
s=       28m9X9I2[2l3E7_1A0J0]9g6w8&8x6(4:0 
s=    -/ -7A6g0k8D4V6Y9q5#9>1U9`4E3{3&4e9\7w6H
s=       34B5}4D2H5V1)2!5r7*1E0q4A0[4C4J1l6B
s=    -/ -1n0x0.6B1`9x0F6n4t9`1S0$4$2"3>7c3T1~2R
s=       -1{5h2n5n3s5q7a7 8!0h5g2B9p4Q2Q2r0F8m0p
s=    -/ -4?1e7H0]5i0x0{2B7g1P0L5M9#1.5j7L7L6x
s=       14-4P0t7T4)5,0"3L8n9Z6|6x1P9%5P7 1!2J
s=    -/ -8?4s4'4z6c2?3$3`1Q1z0A5v9$2p7J8g0.8s
s=       14e5V9f1s5o4q8C4m1,6K0Q3v5N0}0I8;0\0i
s=    -/ 29-5Z3O6P5|3:0C1;2U4>1 6z6]4h7I6`8+0Q
s=       -5+6}3,5X3@4t9a7>5s9U0e0I4O4(6-4H0>0h
s=    -/ -2A4g3 6t4x7 8o3i0R7Z2S1C6(4M2x5I4I7S2@
s=       -2n9^6R0~9D5M8~3j9L2f7,1L6l4?1E0l8S8N
s=    -/ -1k0 3f9i8*8v2&0I7_7I7e3!4r7y0q0z0P3&2 
s=       23@5A4'3*1}4p5T9Z5G7`5c4U8=6~7G2d0y0\
s=    -/ -3<1Y3O5g4Q9e2m4n3Z2}0T6 9N3m6q5(7^6D
s=       81?3d9J0:0C4Q2P7v3&4+1k0%2F2}2W0P8Y
s=    -/ -4x7`1M0&0W3j3}3C0 9h8;3_2c9W0\5S6O0-
s=       85l0~2q9f9D0?2Z8u4.1l7P0H6Q0&8P6U4}
s=    -/ 30|5M4_4D8n7R3b1N3i2x2S6b8^8)4A6m0@8&
s=       -9e6q3 6$5W8Q2m5c9i6 3?6R2Y1=5N2i9$6(
s=    -/ 10<1j3o2:7V7U0G0!9b7<8%0l1)6+1+9o2*0l
s=       -6e7#2,5e7]7[3[1E2)0%0l1<9=1x6:2O8,8i
s=    -/ 85|0T5d6-1b2#1r6?6M8h7#0A7h3 7 9~2P
s=       12i6?0G7@5%3$3D6V1R9~0i5O7?5x0|2o7-2=
s=    -/ 51S9O5 4k3#2Z8E0k5u4}5)3J5_0?0J8(0o
s=       51K6&5\4n1$6S6D0u5r3J1?7n0)1[6}3P2H
s=    -/ -2b0w0B1p6W7C9_9y8x5!0x2J8 4B6I5F9:2>
s=       -8g5B9e4O0c3+2%7}0,2J8&0]1=0K5h0;8Q8O
s=    -/ 15c5{1{2+8p9h0|1:1d5V7$6Y9M4Q8U7{3S6q
s=       -5H3e6m2D9S9^0#0t9i2s3B9'9u4#9}6Q9E6T
s=    -/ -1u3c4P9\3{6C9A3*9+7)2S8+3m4 3'9W6E8P
s=       -7_5B4%2I0W7/8{7b4`6t1^0H7J0Z3Q2O0h
s=    -/ -9v5~8x1A9O5`5Q6c7*3M2E3[5M3y5'4j8D8Q
s=       45|7%5J7l6q1a5"6k5e0n6j7L2.0r0^6h4b
s=    -/ 15X9c1O4!9J5l9i0C4:4%9`4n1Z6%8I3'2N
s=       -1o0&0b5V6&1W6"9{6p5f4|3Z6}9X1-6:6R0d8*
s=    -/ -6{2@6<1?5 0w2g7@1>8>4M0t3M0B9(2h4%8F
s=       90D7 5l7"4o3b5u2<6&9N3h0*4D0_3\8h4}
s=    -/ -1^2$0d1f1#4X2h1G4Q1<8,8J4a8>6*7f0!7m2_
s=       -6f5>9'7~3=2r6Z3o1^2a9Y0K0m7F0b5V2T8F
s=    -/ 30E5S7"3)0v8W1a5.8U8*5[4)6K0p2f8:8N
s=       30_3p8M9X6t1H7Q0{4r5|1 7=5N5b1~3q6C
s=    -/ -1O1!0w0I5g8I4w1)2|1z2=7|2*7C2l5<2z4J8*
s=       61s8-6O5*5a8.0T2x3~1T1H1/1E2d5v7s6+
s=    -/ -1\2I8Z7z7x8'8i1f4+1A7B6z9N0L0@1X9Y8x4n
s=       -1%6U4]4>9_1S0H5D5,1-9B8O7o0c0j3\1[3_6S
s=    -/ -3s9?0<9w4~3b8=8#4v5?0 6K6#6$3z9t3=6.
s=       15W9c8e4<0p1i2r3B8w3Z9r0M5^1 3q9*2M0I
s=    -/ 82_8c2q1M0E5J8>8c1B8?7p0L8e2G8{8q0)
s=       -2W1 8L6[3 4#5M7j9t4,5`3x2(4m4G3V2N0,
s=    -/ -1~1o3^0I6E7J4;8{2`9i3&5(5}5H2I0<1@2M8[
s=       -2]6\8~0)7*0f0P8M9@2/4d9}4s7 4w6n1I1[2T
s=    -/ 14&7{8o2s4=2%0G1Y7/1}7/5<8A4&6C1|4Y4M
s=       63s9=4E6}0P6j4p9[6S3b2{8A5Y1E3i2q8U
s=    -/ -7A8[9!6k9c8P8I5~6]0n3.2g9-3d2j3&5%2Y
s=       -1R7w4Z4E1'0e5:9r8G7 1u9L0u9g4N7B8#4Y0~
s=    -/ -1c3q7-9^3S0R7/7]4E5|8$3U7H4y9_6r0U6M4/
s=       57Q0}3G1%1J1*9a7f4w3X8T2P2Q5m5n2#
s=    -/ 10M2 7S0H9D3x7\5v4;2C3e1H6b0X6t5=2C8m
s=       -1R0[3m5r8{6O6Q6{6D9j5)5s0p6~6%2^6<5'6{
s=    -/ -1/2K7{4k8z4d4]2-5Q5:8#9}8Z3z5y0W5L9l2;
s=       11;2"0`9j7$6L8F5t4"8u5 9#6.3]5v8G4;0V
s=    -/ 23M7(8s1R1G3W2j3"9"4c4+4M6'0"8I0F0q0 
s=       60N7l7b8a8;7$2n1*0L7!8_1w5)1l8a4j
s=    -/ 40-8O7>5{7k1B3(1(9J8H5^2o3=8S7(2H0T
s=       32y4'9%2+6 2)0Z8@9\1U4X7r9(4^6E8u8z
s=    -/ -6G2:5@7s7$1]5{2f5[0=7%1|7z8o1<6b3*2T
s=       16C9a2)1T5q5h1p1-8X3Q2-4G2O0f6K5_9#2E
s=    -/ -2G5S3C9=8C5q7g8}7b4J4w1z2:3h1y0J0?8u
s=       11V5d2t1W7Q4i0:1\7!2Y2a3Y6$6{8g0F
s=    -/ -1D1a7h8M1<2J5<3W1w5.1z5#0p4e4K6h3q3J6_
s=       -7}5A4S5t0A1i7;6&7K9B9u6o4:1/2p2q8O8b
s=    -/ 95n3#6M1`0A9u5@9x4:3G5P5-5M6_0X9>6^
s=       -1>2R1k0W6.2o5o1J0z0D3I7c3l7\6|6S0b8A
s=    -/ 78f4A5F8X8G4f6}1\2 4M9s9e0m3u6Y8^
s=       -4?8~0)8L4y3/4^5o2<0H8&8_8m6G9=1u8L4V
s=    -/ -1X2[3:1x9~2,6\3U2/4g3W4J5O8=7;5 9O6o8]
s=       -3v0f1P2p0_5P0,2p1G8D7p6e5(7!4f7Y2m0y
s=    -/ -1Y2c1q6r6u1%1:4@1)7{4T9C1&7%9_1=6s1E6~
s=       10q5|3L7u6Q7{1i8I7[0.1;8^8V9E9"3~2K8.
s=    -/ -8j5<5k9*5e3{3@3I3)3y6o9!0C9z4h5+2q8x
s=       -2|8E2_3"3V1~8N8j2@5f7+6|6.5N2t1)6q0o
s=    -/ 60e5d5L0N8v0K4O6'7r2w4V3_7[5I4_2K4N
s=       -1s4S6y1y6>8t1P7Q8w6l2T7Z9o6V2k4$1g9E2`
s=    -/ 88E4C9S6,1N8M0;3m1_3(5V3;9F8M1}4j4p
s=       -6g6f9:7q8Y0N9?4E1M1R6@7>6I6"4C3g8;4(
s=    -/ -1)2o8;7%0b7h4E6^7d6k0`0S6`1T8U1C1"2/
s=       93`7f0u4d7E3[0h4x6]2'4Q9K4~0Z6.7,2&
s=    -/ 18p3E2_1p5Y7W8c7l8W2H8<9E7l1Z5@2-0.0!
s=       55"7b7|0I5c4Y7[8c1N9;9 7'7+4H7x2w0s
s=    -/ 81P2&4r5>3Q0O6]5|7H1u0Y4z8^8b3(2l0z
s=       10 8f3S7z6w9.6A8 9H1"1y8 6?3/6Y8>0P0L
s=    -/ -4|5S8,3R9)3K1^7C9I4B7P1\8.8R3`0N0u8z
s=       14"5v5g4u2.0w7K6.1M8E2*0#3D3[5[6W8]
s=    -/ -2z4T1#5C6F2d2L9F1f9m3|8U8X8R5e4B4n0#
s=       14g2_1m7b1f6l7H4A1X7o1(3^3#2w5'3Q1T2t
s=    -/ 68T5&1:5J2y3c8T7j7Z0$9f0K9\2i0N9F6'
s=       95/8w2x8b7?6i0T6,2*2v9f1$3B5%1)0Q4?
s=    -/ 29%7G1y8e1z7n5f5X8C4x3t2h0'2'4;3`2k
s=       -7t1~0O0!6T7%5r8L2^7<5>8\9A6/0?0s
s=    -/ 10B0q3=6=3y6?0M2;1-0$7S6G9j6a3>3C2i8L
s=       -9!0f3a1'2h7a8;9?6"6i7r4N9?7:2i0c3n2=
s=    -/ -1B9E9{4/8e5u3.6?2u0t2!1K0<8(4p5=6J9N6T

  Great, you passed 200 tests for Problem 3!

