    num=-952732385789788400
 revnum=-004887987583237259
    num=193740759418778691
 revnum=196877814957047391
    num=897510806573555778
 revnum=877555375608015798
    num=-471162246779285336
 revnum=-633582977642261174
    num=108605753183870983
 revnum=389078381357506801
    num=840957723403497492
 revnum=294794304327759048
    num=801510299334889408
 revnum=804988433992015108
    num=-831297732432201872
 revnum=-278102234237792138
    num=-820255708876521673
 revnum=-376125678807552028
    num=-207157543452569991
 revnum=-199965254345751702
    num=181755892125349873
 revnum=378943521298557181
    num=334530140818007272
 revnum=272700818041035433
    num=-341205848831450006
 revnum=-600054138848502143
    num=939330035223662577
 revnum=775266322530033939
    num=805129845720164973
 revnum=379461027548921508
    num=-230697438869458549
 revnum=-945854968834796032
    num=521798561196078450
 revnum=054870691165897125
    num=-281272535551948543
 revnum=-345849155535272182
    num=57172639129119138
 revnum=83191192193627175
    num=-321456194788502537
 revnum=-735205887491654123
    num=759648340884238056
 revnum=650832488043846957
    num=301578694647182158
 revnum=851281746496875103
    num=405859578576320478
 revnum=874023675875958504
    num=224117822395910864
 revnum=468019593228711422
    num=794676242175992515
 revnum=515299571242676497
    num=-53493975252150967
 revnum=-76905125257939435
    num=-928034361454316489
 revnum=-984613454163430829
    num=396232507563794261
 revnum=162497365705232693
    num=-523709206153869493
 revnum=-394968351602907325
    num=390287946379496941
 revnum=149694973649782093
    num=-584354961480420575
 revnum=-575024084169453485
    num=70676282818579120
 revnum=02197581828267607
    num=-62224647455674728
 revnum=-82747655474642226
    num=-891770105665070537
 revnum=-735070566501077198
    num=-579481205308344368
 revnum=-863443803502184975
    num=-455136913824314797
 revnum=-797413428319631554
    num=-287396019510932773
 revnum=-377239015910693782
    num=-10432125926866021
 revnum=-12066862952123401
    num=-282290455507052654
 revnum=-456250705554092282
    num=255993684343556277
 revnum=772655343486399552
    num=107690970067489579
 revnum=975984760079096701
    num=140437989179338527
 revnum=725833971989734041
    num=-195150795870968013
 revnum=-310869078597051591
    num=562619182016384666
 revnum=666483610281916265
    num=967110964238027037
 revnum=730720832469011769
    num=738988928466565930
 revnum=039565664829889837
    num=441340238789435854
 revnum=458534987832043144
    num=-203378922091526846
 revnum=-648625190229873302
    num=-933233031690524595
 revnum=-595425096130332339
    num=-375867249575917542
 revnum=-245719575942768573
    num=-302959483673315562
 revnum=-265513376384959203
    num=693507926412149181
 revnum=181941214629705396
    num=-908653529475160932
 revnum=-239061574925356809
    num=-96837911254080439
 revnum=-93408045211973869
    num=876633854270654060
 revnum=060456072458336678
    num=-958396371200324205
 revnum=-502423002173693859
    num=990000288017685912
 revnum=219586710882000099
    num=192325743042377645
 revnum=546773240347523291
    num=537667460597013692
 revnum=296310795064766735
    num=423030228639802484
 revnum=484208936822030324
    num=-33052405402213191
 revnum=-19131220450425033
    num=-628476909665583292
 revnum=-292385566909674826
    num=-592643548673023249
 revnum=-942320376845346295
    num=-628646455339447840
 revnum=-048744933554646826
    num=419326647377812296
 revnum=692218773746623914
    num=-208573748435517757
 revnum=-757715534847375802
    num=91677994545654842
 revnum=24845654549977619
    num=-253087269126924165
 revnum=-561429621962780352
    num=158503296398239819
 revnum=918932893692305851
    num=187884168595667618
 revnum=816766595861488781
    num=-230703520737068553
 revnum=-355860737025307032
    num=685358536364541611
 revnum=116145463635853586
    num=-948075197333187858
 revnum=-858781333791570849
    num=-980757223400361900
 revnum=-009163004322757089
    num=77116370895132846
 revnum=64823159807361177
    num=791824629747056850
 revnum=058650747926428197
    num=-759371865537036282
 revnum=-282630735568173957
    num=-975714129375665572
 revnum=-275566573921417579
    num=723671251105405944
 revnum=449504501152176327
    num=437200388355599770
 revnum=077995553883002734
    num=937243810165820881
 revnum=188028561018342739
    num=828640114403822712
 revnum=217228304411046828
    num=268637301769313493
 revnum=394313967103736862
    num=803613851280552970
 revnum=079255082158316308
    num=610399608925109719
 revnum=917901529806993016
    num=783342306419881857
 revnum=758188914603243387
    num=-543271992789695854
 revnum=-458596987299172345
    num=-753014413445413354
 revnum=-453314544314410357
    num=-596633878968459825
 revnum=-528954869878336695
    num=362410990108029652
 revnum=256920801099014263
    num=-471065763009134195
 revnum=-591431900367560174
    num=-177332300902727237
 revnum=-732727209003233771
    num=877908326864780704
 revnum=407087468623809778
    num=884239703972725344
 revnum=443527279307932488
    num=911302909985965570
 revnum=075569589909203119
    num=-541910157335217261
 revnum=-162712533751019145
    num=600372356455708147
 revnum=741807554653273006
    num=449474065719032093
 revnum=390230917560474944
    num=-212564204365380470
 revnum=-074083563402465212
    num=889245827644242951
 revnum=159242446728542988

  Congratulations, you have passed all 100 tests for Problem 4.

the reverse of 1234500007890000 is 0000987000054321
Passed
the reverse of -50329320407933661000000 is -00000016633970402392305
Passed
the reverse of 66154332782429707000 is 00070792428723345166
Passed
